<?xml version="1.0" encoding="UTF-8"?>
<!-- Generated by org.testng.reporters.JUnitReportReporter -->
<testsuite hostname="Praful" failures="0" tests="3" name="TestRunner.RunnerTest" time="37.485" errors="0" timestamp="2024-02-01T19:23:32 IST" skipped="0">
  <testcase classname="TestRunner.RunnerTest" name="runScenario" time="9.278"/>
  <system-out/>
  <testcase classname="TestRunner.RunnerTest" name="runScenario" time="13.819"/>
  <system-out/>
  <testcase classname="TestRunner.RunnerTest" name="runScenario" time="14.388"/>
  <system-out/>
</testsuite> <!-- TestRunner.RunnerTest -->
